Using pre-set license
Built from '2020.3/staging' branch; Version is '2020.3.38f1 (8f5fde82e2dc) revision 9396190'; Using compiler version '192528614'; Build Type 'Release'
OS: 'Windows 11  (10.0.22621) 64bit CoreSingleLanguage' Language: 'en' Physical Memory: 7926 MB
BatchMode: 1, IsHumanControllingUs: 0, StartBugReporterOnCrash: 0, Is64bit: 1, IsPro: 0

COMMAND LINE ARGUMENTS:
C:\Program Files\Unity\Hub\Editor\2020.3.38f1\Editor\Unity.exe
-adb2
-batchMode
-noUpm
-name
AssetImportWorker0
-projectPath
E:/Git Repository/Rusher
-logFile
Logs/AssetImportWorker0.log
-srvPort
53960
Successfully changed project path to: E:/Git Repository/Rusher
E:/Git Repository/Rusher
Using Asset Import Pipeline V2.
Refreshing native plugins compatible for Editor in 72.36 ms, found 2 plugins.
Preloading 0 native plugins for Editor in 0.00 ms.
Initialize engine version: 2020.3.38f1 (8f5fde82e2dc)
[Subsystems] Discovering subsystems at path C:/Program Files/Unity/Hub/Editor/2020.3.38f1/Editor/Data/Resources/UnitySubsystems
[Subsystems] Discovering subsystems at path E:/Git Repository/Rusher/Assets
GfxDevice: creating device client; threaded=0
Direct3D:
    Version:  Direct3D 11.0 [level 11.1]
    Renderer: NVIDIA GeForce MX350 (ID=0x1c94)
    Vendor:   
    VRAM:     1978 MB
    Driver:   31.0.15.2756
Initialize mono
Mono path[0] = 'C:/Program Files/Unity/Hub/Editor/2020.3.38f1/Editor/Data/Managed'
Mono path[1] = 'C:/Program Files/Unity/Hub/Editor/2020.3.38f1/Editor/Data/MonoBleedingEdge/lib/mono/unityjit'
Mono config path = 'C:/Program Files/Unity/Hub/Editor/2020.3.38f1/Editor/Data/MonoBleedingEdge/etc'
Using monoOptions --debugger-agent=transport=dt_socket,embedding=1,server=y,suspend=n,address=127.0.0.1:56232
Begin MonoManager ReloadAssembly
Registering precompiled unity dll's ...
Register platform support module: C:/Program Files/Unity/Hub/Editor/2020.3.38f1/Editor/Data/PlaybackEngines/WebGLSupport/UnityEditor.WebGL.Extensions.dll
Register platform support module: C:/Program Files/Unity/Hub/Editor/2020.3.38f1/Editor/Data/PlaybackEngines/WindowsStandaloneSupport/UnityEditor.WindowsStandalone.Extensions.dll
Registered in 0.005896 seconds.
Native extension for WindowsStandalone target not found
Native extension for WebGL target not found
Refreshing native plugins compatible for Editor in 76.23 ms, found 2 plugins.
Preloading 0 native plugins for Editor in 0.00 ms.
Mono: successfully reloaded assembly
- Completed reload, in  1.122 seconds
Domain Reload Profiling:
	ReloadAssembly (1122ms)
		BeginReloadAssembly (156ms)
			ExecutionOrderSort (0ms)
			DisableScriptedObjects (0ms)
			BackupInstance (0ms)
			ReleaseScriptingObjects (0ms)
			CreateAndSetChildDomain (2ms)
		EndReloadAssembly (839ms)
			LoadAssemblies (153ms)
			RebuildTransferFunctionScriptingTraits (0ms)
			SetupTypeCache (297ms)
			ReleaseScriptCaches (0ms)
			RebuildScriptCaches (50ms)
			SetupLoadedEditorAssemblies (311ms)
				LogAssemblyErrors (0ms)
				InitializePlatformSupportModulesInManaged (10ms)
				SetLoadedEditorAssemblies (0ms)
				RefreshPlugins (76ms)
				BeforeProcessingInitializeOnLoad (22ms)
				ProcessInitializeOnLoadAttributes (129ms)
				ProcessInitializeOnLoadMethodAttributes (73ms)
				AfterProcessingInitializeOnLoad (0ms)
				EditorAssembliesLoaded (0ms)
			ExecutionOrderSort2 (0ms)
			AwakeInstancesAfterBackupRestoration (0ms)
Platform modules already initialized, skipping
Registering precompiled user dll's ...
Registered in 0.004709 seconds.
Begin MonoManager ReloadAssembly
Native extension for WindowsStandalone target not found
Native extension for WebGL target not found
Refreshing native plugins compatible for Editor in 0.34 ms, found 2 plugins.
Preloading 0 native plugins for Editor in 0.00 ms.
Mono: successfully reloaded assembly
- Completed reload, in  2.183 seconds
Domain Reload Profiling:
	ReloadAssembly (2185ms)
		BeginReloadAssembly (228ms)
			ExecutionOrderSort (0ms)
			DisableScriptedObjects (7ms)
			BackupInstance (0ms)
			ReleaseScriptingObjects (0ms)
			CreateAndSetChildDomain (23ms)
		EndReloadAssembly (1876ms)
			LoadAssemblies (735ms)
			RebuildTransferFunctionScriptingTraits (0ms)
			SetupTypeCache (461ms)
			ReleaseScriptCaches (1ms)
			RebuildScriptCaches (83ms)
			SetupLoadedEditorAssemblies (476ms)
				LogAssemblyErrors (0ms)
				InitializePlatformSupportModulesInManaged (8ms)
				SetLoadedEditorAssemblies (1ms)
				RefreshPlugins (0ms)
				BeforeProcessingInitializeOnLoad (107ms)
				ProcessInitializeOnLoadAttributes (320ms)
				ProcessInitializeOnLoadMethodAttributes (29ms)
				AfterProcessingInitializeOnLoad (10ms)
				EditorAssembliesLoaded (1ms)
			ExecutionOrderSort2 (0ms)
			AwakeInstancesAfterBackupRestoration (4ms)
Platform modules already initialized, skipping
========================================================================
Worker process is ready to serve import requests
Launched and connected shader compiler UnityShaderCompiler.exe after 0.12 seconds
Refreshing native plugins compatible for Editor in 0.69 ms, found 2 plugins.
Preloading 0 native plugins for Editor in 0.00 ms.
Unloading 1543 Unused Serialized files (Serialized files now loaded: 0)
System memory in use before: 73.3 MB.
System memory in use after: 73.4 MB.

Unloading 17 unused Assets to reduce memory usage. Loaded Objects now: 1981.
Total: 8.718100 ms (FindLiveObjects: 0.150100 ms CreateObjectMapping: 0.047600 ms MarkObjects: 8.371800 ms  DeleteObjects: 0.146300 ms)

AssetImportParameters requested are different than current active one (requested -> active):
  custom:framework-win-MediaFoundation: 216162199b28c13a410421893ffa2e32 -> 
  custom:video-decoder-ogg-theora: a1e56fd34408186e4bbccfd4996cb3dc -> 
  custom:container-muxer-webm: aa71ff27fc2769a1b78a27578f13a17b -> 
  custom:container-demuxer-webm: 4f35f7cbe854078d1ac9338744f61a02 -> 
  custom:container-demuxer-ogg: 62fdf1f143b41e24485cea50d1cbac27 -> 
  custom:video-encoder-webm-vp8: eb34c28f22e8b96e1ab97ce403110664 -> 
  custom:video-codec-MediaFoundation-h265: 746d11721c4dcdbdad8f713fa42b33f4 -> 
  custom:video-decoder-webm-vp8: 9c59270c3fd7afecdb556c50c9e8de78 -> 
  custom:audio-decoder-ogg-vorbis: bf7c407c2cedff20999df2af8eb42d56 -> 
  custom:audio-encoder-webm-vorbis: bf7c407c2cedff20999df2af8eb42d56 -> 
========================================================================
Received Import Request.
  path: Assets/Tiles/Tile shore -90 Variant Variant.prefab
  artifactKey: Guid(6ab1432a841097b4cb04ead4ff534e0d) Importer(815301076,1909f56bfc062723c751e8b465ee728b)
Start importing Assets/Tiles/Tile shore -90 Variant Variant.prefab using Guid(6ab1432a841097b4cb04ead4ff534e0d) Importer(815301076,1909f56bfc062723c751e8b465ee728b)  -> (artifact id: '9c0d30e8a97bad9cecb49a9791682de3') in 0.665408 seconds 
========================================================================
Received Import Request.
  Time since last request: 1.194242 seconds.
  path: Assets/Tiles/Tile shore -90 Variant Variant.prefab
  artifactKey: Guid(6ab1432a841097b4cb04ead4ff534e0d) Importer(815301076,1909f56bfc062723c751e8b465ee728b)
Start importing Assets/Tiles/Tile shore -90 Variant Variant.prefab using Guid(6ab1432a841097b4cb04ead4ff534e0d) Importer(815301076,1909f56bfc062723c751e8b465ee728b)  -> (artifact id: 'f164d2d919d28eb2705f62ec81e21e3e') in 0.075279 seconds 
========================================================================
Received Import Request.
  Time since last request: 0.000878 seconds.
  path: Assets/Tiles/Tile shore.prefab
  artifactKey: Guid(ef91f74dc0ae4af4b9cf4fa0dc376bcb) Importer(815301076,1909f56bfc062723c751e8b465ee728b)
Start importing Assets/Tiles/Tile shore.prefab using Guid(ef91f74dc0ae4af4b9cf4fa0dc376bcb) Importer(815301076,1909f56bfc062723c751e8b465ee728b)  -> (artifact id: '63997f736b9c0684df419ca0fd389b1a') in 0.060314 seconds 
========================================================================
Received Import Request.
  Time since last request: 0.000546 seconds.
  path: Assets/Tiles/Tile shore -90 Variant.prefab
  artifactKey: Guid(f0498a744bd4cf849bc12e1e7bfcd631) Importer(815301076,1909f56bfc062723c751e8b465ee728b)
Start importing Assets/Tiles/Tile shore -90 Variant.prefab using Guid(f0498a744bd4cf849bc12e1e7bfcd631) Importer(815301076,1909f56bfc062723c751e8b465ee728b)  -> (artifact id: '21fafc037ca6b0f19d4a3b53710fcd23') in 0.088216 seconds 
========================================================================
Received Import Request.
  Time since last request: 14.153867 seconds.
  path: Assets/Tiles/Tile shore -90 Variant Variant.prefab
  artifactKey: Guid(6ab1432a841097b4cb04ead4ff534e0d) Importer(815301076,1909f56bfc062723c751e8b465ee728b)
Start importing Assets/Tiles/Tile shore -90 Variant Variant.prefab using Guid(6ab1432a841097b4cb04ead4ff534e0d) Importer(815301076,1909f56bfc062723c751e8b465ee728b)  -> (artifact id: '91c5516e75910b99a08424bc12e1bc1f') in 0.073961 seconds 
========================================================================
Received Import Request.
  Time since last request: 0.000588 seconds.
  path: Assets/Tiles/Tile shore.prefab
  artifactKey: Guid(ef91f74dc0ae4af4b9cf4fa0dc376bcb) Importer(815301076,1909f56bfc062723c751e8b465ee728b)
Start importing Assets/Tiles/Tile shore.prefab using Guid(ef91f74dc0ae4af4b9cf4fa0dc376bcb) Importer(815301076,1909f56bfc062723c751e8b465ee728b)  -> (artifact id: 'a2f1a3c3f852707c0027161466a1ddb5') in 0.074626 seconds 
========================================================================
Received Import Request.
  Time since last request: 0.000354 seconds.
  path: Assets/Tiles/Tile shore -90 Variant.prefab
  artifactKey: Guid(f0498a744bd4cf849bc12e1e7bfcd631) Importer(815301076,1909f56bfc062723c751e8b465ee728b)
Start importing Assets/Tiles/Tile shore -90 Variant.prefab using Guid(f0498a744bd4cf849bc12e1e7bfcd631) Importer(815301076,1909f56bfc062723c751e8b465ee728b)  -> (artifact id: 'ceeef76946da25dd593f74fa24c1c522') in 0.081692 seconds 
========================================================================
Received Import Request.
  Time since last request: 30.553417 seconds.
  path: Assets/Tiles/Tile shore 180.prefab
  artifactKey: Guid(ef91f74dc0ae4af4b9cf4fa0dc376bcb) Importer(815301076,1909f56bfc062723c751e8b465ee728b)
Start importing Assets/Tiles/Tile shore 180.prefab using Guid(ef91f74dc0ae4af4b9cf4fa0dc376bcb) Importer(815301076,1909f56bfc062723c751e8b465ee728b)  -> (artifact id: 'd8e1cc572e458a679c791787e3625230') in 0.070425 seconds 
========================================================================
Received Import Request.
  Time since last request: 0.000452 seconds.
  path: Assets/Tiles/Tile shore -90 Variant Variant.prefab
  artifactKey: Guid(6ab1432a841097b4cb04ead4ff534e0d) Importer(815301076,1909f56bfc062723c751e8b465ee728b)
Start importing Assets/Tiles/Tile shore -90 Variant Variant.prefab using Guid(6ab1432a841097b4cb04ead4ff534e0d) Importer(815301076,1909f56bfc062723c751e8b465ee728b)  -> (artifact id: '2066b9078b67dbce910af256d3572d1d') in 0.074031 seconds 
========================================================================
Received Import Request.
  Time since last request: 0.000437 seconds.
  path: Assets/Tiles/Tile shore -90 Variant.prefab
  artifactKey: Guid(f0498a744bd4cf849bc12e1e7bfcd631) Importer(815301076,1909f56bfc062723c751e8b465ee728b)
Start importing Assets/Tiles/Tile shore -90 Variant.prefab using Guid(f0498a744bd4cf849bc12e1e7bfcd631) Importer(815301076,1909f56bfc062723c751e8b465ee728b)  -> (artifact id: '801d586a182e8fb365500f45f19e6599') in 0.074625 seconds 
========================================================================
Received Import Request.
  Time since last request: 127.370129 seconds.
  path: Assets/Tiles/Tile Variant.prefab
  artifactKey: Guid(f514011e804f4d24b9d47168fb6ce85e) Importer(815301076,1909f56bfc062723c751e8b465ee728b)
Start importing Assets/Tiles/Tile Variant.prefab using Guid(f514011e804f4d24b9d47168fb6ce85e) Importer(815301076,1909f56bfc062723c751e8b465ee728b)  -> (artifact id: '6b70cd73edf189fc936af2df76b48b00') in 0.065408 seconds 
========================================================================
Received Import Request.
  Time since last request: 12.089002 seconds.
  path: Assets/Tiles/Tile Variant.prefab
  artifactKey: Guid(f514011e804f4d24b9d47168fb6ce85e) Importer(815301076,1909f56bfc062723c751e8b465ee728b)
Start importing Assets/Tiles/Tile Variant.prefab using Guid(f514011e804f4d24b9d47168fb6ce85e) Importer(815301076,1909f56bfc062723c751e8b465ee728b)  -> (artifact id: 'e3d5183d80f1f9f23cb258aa98b29861') in 0.305001 seconds 
========================================================================
Received Import Request.
  Time since last request: 11.376288 seconds.
  path: Assets/Tiles/Tile Variant.prefab
  artifactKey: Guid(f514011e804f4d24b9d47168fb6ce85e) Importer(815301076,1909f56bfc062723c751e8b465ee728b)
Start importing Assets/Tiles/Tile Variant.prefab using Guid(f514011e804f4d24b9d47168fb6ce85e) Importer(815301076,1909f56bfc062723c751e8b465ee728b)  -> (artifact id: '4ec802e09c79a8c858a1afeab46503c3') in 0.114832 seconds 
========================================================================
Received Import Request.
  Time since last request: 3.923506 seconds.
  path: Assets/Tiles/Tile Variant.prefab
  artifactKey: Guid(f514011e804f4d24b9d47168fb6ce85e) Importer(815301076,1909f56bfc062723c751e8b465ee728b)
Start importing Assets/Tiles/Tile Variant.prefab using Guid(f514011e804f4d24b9d47168fb6ce85e) Importer(815301076,1909f56bfc062723c751e8b465ee728b)  -> (artifact id: '0845dfa38c723daf12cfafb5ee44c71b') in 0.068623 seconds 
========================================================================
Received Import Request.
  Time since last request: 35.849029 seconds.
  path: Assets/Tiles/Tile shore Straight.prefab
  artifactKey: Guid(ef91f74dc0ae4af4b9cf4fa0dc376bcb) Importer(815301076,1909f56bfc062723c751e8b465ee728b)
Start importing Assets/Tiles/Tile shore Straight.prefab using Guid(ef91f74dc0ae4af4b9cf4fa0dc376bcb) Importer(815301076,1909f56bfc062723c751e8b465ee728b)  -> (artifact id: 'b353b7b78fde6d3739b80925f8754fc3') in 0.070210 seconds 
========================================================================
Received Import Request.
  Time since last request: 0.000522 seconds.
  path: Assets/Tiles/Tile shore -90 Variant Variant.prefab
  artifactKey: Guid(6ab1432a841097b4cb04ead4ff534e0d) Importer(815301076,1909f56bfc062723c751e8b465ee728b)
Start importing Assets/Tiles/Tile shore -90 Variant Variant.prefab using Guid(6ab1432a841097b4cb04ead4ff534e0d) Importer(815301076,1909f56bfc062723c751e8b465ee728b)  -> (artifact id: '8e33893cc5c86f0fb168643dcbfb43b4') in 0.073144 seconds 
========================================================================
Received Import Request.
  Time since last request: 0.000482 seconds.
  path: Assets/Tiles/Tile shore -90 Variant.prefab
  artifactKey: Guid(f0498a744bd4cf849bc12e1e7bfcd631) Importer(815301076,1909f56bfc062723c751e8b465ee728b)
Start importing Assets/Tiles/Tile shore -90 Variant.prefab using Guid(f0498a744bd4cf849bc12e1e7bfcd631) Importer(815301076,1909f56bfc062723c751e8b465ee728b)  -> (artifact id: '406c3393f88b4e660757164c9df2e99a') in 0.059134 seconds 
========================================================================
Received Import Request.
  Time since last request: 40.326475 seconds.
  path: Assets/Tiles/(0, 0).prefab
  artifactKey: Guid(ef91f74dc0ae4af4b9cf4fa0dc376bcb) Importer(815301076,1909f56bfc062723c751e8b465ee728b)
Start importing Assets/Tiles/(0, 0).prefab using Guid(ef91f74dc0ae4af4b9cf4fa0dc376bcb) Importer(815301076,1909f56bfc062723c751e8b465ee728b)  -> (artifact id: 'c8d7c0991c4dc3bc9fdd9ad7c8032b57') in 0.057876 seconds 
========================================================================
Received Import Request.
  Time since last request: 0.000541 seconds.
  path: Assets/Tiles/Tile shore -90 Variant Variant.prefab
  artifactKey: Guid(6ab1432a841097b4cb04ead4ff534e0d) Importer(815301076,1909f56bfc062723c751e8b465ee728b)
Start importing Assets/Tiles/Tile shore -90 Variant Variant.prefab using Guid(6ab1432a841097b4cb04ead4ff534e0d) Importer(815301076,1909f56bfc062723c751e8b465ee728b)  -> (artifact id: '5e77ffbacfbc38a5135c9c50d4e264b6') in 0.059654 seconds 
========================================================================
Received Import Request.
  Time since last request: 0.000606 seconds.
  path: Assets/Tiles/Tile shore -90 Variant.prefab
  artifactKey: Guid(f0498a744bd4cf849bc12e1e7bfcd631) Importer(815301076,1909f56bfc062723c751e8b465ee728b)
Start importing Assets/Tiles/Tile shore -90 Variant.prefab using Guid(f0498a744bd4cf849bc12e1e7bfcd631) Importer(815301076,1909f56bfc062723c751e8b465ee728b)  -> (artifact id: '6a89252e0cc7a4f35aae38b0e276a407') in 0.067247 seconds 
========================================================================
Received Import Request.
  Time since last request: 5.929222 seconds.
  path: Assets/Tiles/(0, 0).prefab
  artifactKey: Guid(ef91f74dc0ae4af4b9cf4fa0dc376bcb) Importer(815301076,1909f56bfc062723c751e8b465ee728b)
Start importing Assets/Tiles/(0, 0).prefab using Guid(ef91f74dc0ae4af4b9cf4fa0dc376bcb) Importer(815301076,1909f56bfc062723c751e8b465ee728b)  -> (artifact id: 'bef00ad7e734b3b1ba0a434db55be894') in 0.059031 seconds 
========================================================================
Received Import Request.
  Time since last request: 0.000459 seconds.
  path: Assets/Tiles/Tile shore -90 Variant Variant.prefab
  artifactKey: Guid(6ab1432a841097b4cb04ead4ff534e0d) Importer(815301076,1909f56bfc062723c751e8b465ee728b)
Start importing Assets/Tiles/Tile shore -90 Variant Variant.prefab using Guid(6ab1432a841097b4cb04ead4ff534e0d) Importer(815301076,1909f56bfc062723c751e8b465ee728b)  -> (artifact id: '1e7eeb03af5bd4f85cfa527fabd60e7c') in 0.068966 seconds 
========================================================================
Received Import Request.
  Time since last request: 0.000266 seconds.
  path: Assets/Tiles/Tile shore -90 Variant.prefab
  artifactKey: Guid(f0498a744bd4cf849bc12e1e7bfcd631) Importer(815301076,1909f56bfc062723c751e8b465ee728b)
Start importing Assets/Tiles/Tile shore -90 Variant.prefab using Guid(f0498a744bd4cf849bc12e1e7bfcd631) Importer(815301076,1909f56bfc062723c751e8b465ee728b)  -> (artifact id: 'a6924590c7e027fb220c9edc60476468') in 0.060211 seconds 
========================================================================
Received Import Request.
  Time since last request: 5.880419 seconds.
  path: Assets/Tiles/Tile shore -90 Variant Variant.prefab
  artifactKey: Guid(6ab1432a841097b4cb04ead4ff534e0d) Importer(815301076,1909f56bfc062723c751e8b465ee728b)
Start importing Assets/Tiles/Tile shore -90 Variant Variant.prefab using Guid(6ab1432a841097b4cb04ead4ff534e0d) Importer(815301076,1909f56bfc062723c751e8b465ee728b)  -> (artifact id: '850a2f18272a882b8f8f2859c0377b0c') in 0.009843 seconds 
========================================================================
Received Import Request.
  Time since last request: 0.001339 seconds.
  path: Assets/Tiles/Tile shore -90 Variant.prefab
  artifactKey: Guid(f0498a744bd4cf849bc12e1e7bfcd631) Importer(815301076,1909f56bfc062723c751e8b465ee728b)
Start importing Assets/Tiles/Tile shore -90 Variant.prefab using Guid(f0498a744bd4cf849bc12e1e7bfcd631) Importer(815301076,1909f56bfc062723c751e8b465ee728b)  -> (artifact id: '76f6b34a5366589c703f91c00a8fce14') in 0.008635 seconds 
========================================================================
Received Import Request.
  Time since last request: 16.946755 seconds.
  path: Assets/Tiles/Tile Variant 1.prefab
  artifactKey: Guid(9f5b2f525346260408a568401036ce98) Importer(815301076,1909f56bfc062723c751e8b465ee728b)
Start importing Assets/Tiles/Tile Variant 1.prefab using Guid(9f5b2f525346260408a568401036ce98) Importer(815301076,1909f56bfc062723c751e8b465ee728b)  -> (artifact id: 'ef2fbbf77a7b0ad9ac03ccc5dc61a880') in 0.065100 seconds 
========================================================================
Received Import Request.
  Time since last request: 13.441373 seconds.
  path: Assets/Tiles/Tile Variant 1.prefab
  artifactKey: Guid(9f5b2f525346260408a568401036ce98) Importer(815301076,1909f56bfc062723c751e8b465ee728b)
Start importing Assets/Tiles/Tile Variant 1.prefab using Guid(9f5b2f525346260408a568401036ce98) Importer(815301076,1909f56bfc062723c751e8b465ee728b)  -> (artifact id: '35553db0c473b5dd2c916d9170be1f8d') in 0.068308 seconds 
========================================================================
Received Import Request.
  Time since last request: 6.335478 seconds.
  path: Assets/Tiles/Tile Variant 1.prefab
  artifactKey: Guid(9f5b2f525346260408a568401036ce98) Importer(815301076,1909f56bfc062723c751e8b465ee728b)
Start importing Assets/Tiles/Tile Variant 1.prefab using Guid(9f5b2f525346260408a568401036ce98) Importer(815301076,1909f56bfc062723c751e8b465ee728b)  -> (artifact id: 'def8e1f62776c084178b90aa508015b9') in 0.071163 seconds 
========================================================================
Received Import Request.
  Time since last request: 5.701529 seconds.
  path: Assets/Tiles/Tile Variant 1.prefab
  artifactKey: Guid(9f5b2f525346260408a568401036ce98) Importer(815301076,1909f56bfc062723c751e8b465ee728b)
Start importing Assets/Tiles/Tile Variant 1.prefab using Guid(9f5b2f525346260408a568401036ce98) Importer(815301076,1909f56bfc062723c751e8b465ee728b)  -> (artifact id: 'd631f73bbe6320feb0f23ef808b670f6') in 0.052504 seconds 
========================================================================
Received Import Request.
  Time since last request: 3.747317 seconds.
  path: Assets/Tiles/Tile Variant 1.prefab
  artifactKey: Guid(9f5b2f525346260408a568401036ce98) Importer(815301076,1909f56bfc062723c751e8b465ee728b)
Start importing Assets/Tiles/Tile Variant 1.prefab using Guid(9f5b2f525346260408a568401036ce98) Importer(815301076,1909f56bfc062723c751e8b465ee728b)  -> (artifact id: '5876957eb4245ac424b80e16b6f365de') in 0.061205 seconds 
========================================================================
Received Import Request.
  Time since last request: 14.457562 seconds.
  path: Assets/Tiles/Tile Variant 1.prefab
  artifactKey: Guid(9f5b2f525346260408a568401036ce98) Importer(815301076,1909f56bfc062723c751e8b465ee728b)
Start importing Assets/Tiles/Tile Variant 1.prefab using Guid(9f5b2f525346260408a568401036ce98) Importer(815301076,1909f56bfc062723c751e8b465ee728b)  -> (artifact id: '0b1320075c157fff4d55438b32f4a33a') in 0.093687 seconds 
========================================================================
Received Import Request.
  Time since last request: 25.981109 seconds.
  path: Assets/Tiles/Tile shore 180 1.prefab
  artifactKey: Guid(9f5b2f525346260408a568401036ce98) Importer(815301076,1909f56bfc062723c751e8b465ee728b)
Start importing Assets/Tiles/Tile shore 180 1.prefab using Guid(9f5b2f525346260408a568401036ce98) Importer(815301076,1909f56bfc062723c751e8b465ee728b)  -> (artifact id: 'd5a385da44d3fc179e378540cbb45808') in 0.075761 seconds 
========================================================================
Received Import Request.
  Time since last request: 52.742253 seconds.
  path: Assets/Tiles/Tile shore 180 1.prefab
  artifactKey: Guid(9f5b2f525346260408a568401036ce98) Importer(815301076,1909f56bfc062723c751e8b465ee728b)
Start importing Assets/Tiles/Tile shore 180 1.prefab using Guid(9f5b2f525346260408a568401036ce98) Importer(815301076,1909f56bfc062723c751e8b465ee728b)  -> (artifact id: '3176218e08fda276a850c23511a575bc') in 0.071290 seconds 
========================================================================
Received Import Request.
  Time since last request: 100.838727 seconds.
  path: Assets/Tiles/Tile Variant Variant.prefab
  artifactKey: Guid(9571228e42e2f6a4aacbf9d697351046) Importer(815301076,1909f56bfc062723c751e8b465ee728b)
Start importing Assets/Tiles/Tile Variant Variant.prefab using Guid(9571228e42e2f6a4aacbf9d697351046) Importer(815301076,1909f56bfc062723c751e8b465ee728b)  -> (artifact id: '1d86262c341fe24b3befbc9defb342f4') in 0.067205 seconds 
========================================================================
Received Import Request.
  Time since last request: 33.212973 seconds.
  path: Assets/Tiles/Tile Variant Variant.prefab
  artifactKey: Guid(9571228e42e2f6a4aacbf9d697351046) Importer(815301076,1909f56bfc062723c751e8b465ee728b)
Start importing Assets/Tiles/Tile Variant Variant.prefab using Guid(9571228e42e2f6a4aacbf9d697351046) Importer(815301076,1909f56bfc062723c751e8b465ee728b)  -> (artifact id: '77b57144ea5c9cc9d6b9928ad4674df6') in 0.052862 seconds 
========================================================================
Received Import Request.
  Time since last request: 22.185139 seconds.
  path: Assets/Tiles/Tile 270 Variant Variant.prefab
  artifactKey: Guid(9571228e42e2f6a4aacbf9d697351046) Importer(815301076,1909f56bfc062723c751e8b465ee728b)
Start importing Assets/Tiles/Tile 270 Variant Variant.prefab using Guid(9571228e42e2f6a4aacbf9d697351046) Importer(815301076,1909f56bfc062723c751e8b465ee728b)  -> (artifact id: '1fd7dac8f75c6087380672ab89e8d24f') in 0.070506 seconds 
========================================================================
Received Import Request.
  Time since last request: 139.425340 seconds.
  path: Assets/Tiles/Tile-shore Quater 1.prefab
  artifactKey: Guid(e7a1f3f426d67a946aaf6d8067ed56bb) Importer(815301076,1909f56bfc062723c751e8b465ee728b)
Start importing Assets/Tiles/Tile-shore Quater 1.prefab using Guid(e7a1f3f426d67a946aaf6d8067ed56bb) Importer(815301076,1909f56bfc062723c751e8b465ee728b)  -> (artifact id: 'df512bf21a97651f7a4a228c2c3f2bf7') in 0.066001 seconds 
========================================================================
Received Import Request.
  Time since last request: 26.031121 seconds.
  path: Assets/Tiles/Tile-shore Quater 1.prefab
  artifactKey: Guid(e7a1f3f426d67a946aaf6d8067ed56bb) Importer(815301076,1909f56bfc062723c751e8b465ee728b)
Start importing Assets/Tiles/Tile-shore Quater 1.prefab using Guid(e7a1f3f426d67a946aaf6d8067ed56bb) Importer(815301076,1909f56bfc062723c751e8b465ee728b)  -> (artifact id: 'e11779cbf0e81246d53eb26caff7394f') in 0.055089 seconds 
========================================================================
Received Import Request.
  Time since last request: 15.731775 seconds.
  path: Assets/Tiles/Tile-shore Quater 1 Variant.prefab
  artifactKey: Guid(d8b1a785fa99bad46993516ed406c54c) Importer(815301076,1909f56bfc062723c751e8b465ee728b)
Start importing Assets/Tiles/Tile-shore Quater 1 Variant.prefab using Guid(d8b1a785fa99bad46993516ed406c54c) Importer(815301076,1909f56bfc062723c751e8b465ee728b)  -> (artifact id: 'f2811b66260548849edc3ff3c956f9f6') in 13.572203 seconds 
========================================================================
Received Import Request.
  Time since last request: 0.047524 seconds.
  path: Assets/Tiles/Tile-shore Quater 1 Variant.prefab
  artifactKey: Guid(d8b1a785fa99bad46993516ed406c54c) Importer(815301076,1909f56bfc062723c751e8b465ee728b)
Start importing Assets/Tiles/Tile-shore Quater 1 Variant.prefab using Guid(d8b1a785fa99bad46993516ed406c54c) Importer(815301076,1909f56bfc062723c751e8b465ee728b)  -> (artifact id: '0074a16dbb178cb46c854f00b57f0767') in 0.463374 seconds 
========================================================================
Received Import Request.
  Time since last request: 6.935412 seconds.
  path: Assets/Tiles/Tile-shore 901 Variant.prefab
  artifactKey: Guid(d8b1a785fa99bad46993516ed406c54c) Importer(815301076,1909f56bfc062723c751e8b465ee728b)
Start importing Assets/Tiles/Tile-shore 901 Variant.prefab using Guid(d8b1a785fa99bad46993516ed406c54c) Importer(815301076,1909f56bfc062723c751e8b465ee728b)  -> (artifact id: '56b099ca882306f2c614bbe633eecf78') in 0.196812 seconds 
========================================================================
Received Import Request.
  Time since last request: 140.549254 seconds.
  path: Assets/Tiles/Tile Variant 1.prefab
  artifactKey: Guid(d166f9e91e17b3243aeb0c5151394648) Importer(815301076,1909f56bfc062723c751e8b465ee728b)
Start importing Assets/Tiles/Tile Variant 1.prefab using Guid(d166f9e91e17b3243aeb0c5151394648) Importer(815301076,1909f56bfc062723c751e8b465ee728b)  -> (artifact id: 'df61049b0a8af4d9d7d5ee1d8e8d7ea5') in 0.087829 seconds 
========================================================================
Received Import Request.
  Time since last request: 12.832159 seconds.
  path: Assets/Tiles/Tile Variant 1.prefab
  artifactKey: Guid(d166f9e91e17b3243aeb0c5151394648) Importer(815301076,1909f56bfc062723c751e8b465ee728b)
Start importing Assets/Tiles/Tile Variant 1.prefab using Guid(d166f9e91e17b3243aeb0c5151394648) Importer(815301076,1909f56bfc062723c751e8b465ee728b)  -> (artifact id: '557e4ba8f56e731fb490e814ed6aae08') in 0.070076 seconds 
========================================================================
Received Import Request.
  Time since last request: 5.734072 seconds.
  path: Assets/Tiles/Tile Variant 1.prefab
  artifactKey: Guid(d166f9e91e17b3243aeb0c5151394648) Importer(815301076,1909f56bfc062723c751e8b465ee728b)
Start importing Assets/Tiles/Tile Variant 1.prefab using Guid(d166f9e91e17b3243aeb0c5151394648) Importer(815301076,1909f56bfc062723c751e8b465ee728b)  -> (artifact id: '4d92067a41b10ff70a8bde3f176801a1') in 0.154003 seconds 
========================================================================
Received Import Request.
  Time since last request: 14.012110 seconds.
  path: Assets/Tiles/Tile Variant 1.prefab
  artifactKey: Guid(d166f9e91e17b3243aeb0c5151394648) Importer(815301076,1909f56bfc062723c751e8b465ee728b)
Start importing Assets/Tiles/Tile Variant 1.prefab using Guid(d166f9e91e17b3243aeb0c5151394648) Importer(815301076,1909f56bfc062723c751e8b465ee728b)  -> (artifact id: 'bc0386c3ebaf93e5be7105d588a3b224') in 0.096851 seconds 
========================================================================
Received Import Request.
  Time since last request: 14.269366 seconds.
  path: Assets/Tiles/Tile shore 90 1.prefab
  artifactKey: Guid(d166f9e91e17b3243aeb0c5151394648) Importer(815301076,1909f56bfc062723c751e8b465ee728b)
Start importing Assets/Tiles/Tile shore 90 1.prefab using Guid(d166f9e91e17b3243aeb0c5151394648) Importer(815301076,1909f56bfc062723c751e8b465ee728b)  -> (artifact id: '15a1a0d118cb6b3b00f10e100eeebf61') in 0.071651 seconds 
========================================================================
Received Import Request.
  Time since last request: 227.801480 seconds.
  path: Assets/Tiles/Tile Variant Variant.prefab
  artifactKey: Guid(7525ab1a93dc1904a985631a23a9c1d7) Importer(815301076,1909f56bfc062723c751e8b465ee728b)
Start importing Assets/Tiles/Tile Variant Variant.prefab using Guid(7525ab1a93dc1904a985631a23a9c1d7) Importer(815301076,1909f56bfc062723c751e8b465ee728b)  -> (artifact id: '3c60dae94d1c1315aa289df70f42f924') in 0.060979 seconds 
========================================================================
Received Import Request.
  Time since last request: 18.956120 seconds.
  path: Assets/Tiles/Tile 270 Variant Variant.prefab
  artifactKey: Guid(9571228e42e2f6a4aacbf9d697351046) Importer(815301076,1909f56bfc062723c751e8b465ee728b)
Start importing Assets/Tiles/Tile 270 Variant Variant.prefab using Guid(9571228e42e2f6a4aacbf9d697351046) Importer(815301076,1909f56bfc062723c751e8b465ee728b)  -> (artifact id: 'c75fbc418f42609769c7d8baa5f12aa3') in 0.057678 seconds 
========================================================================
Received Import Request.
  Time since last request: 0.000712 seconds.
  path: Assets/Tiles/Tile Variant.prefab
  artifactKey: Guid(f514011e804f4d24b9d47168fb6ce85e) Importer(815301076,1909f56bfc062723c751e8b465ee728b)
Start importing Assets/Tiles/Tile Variant.prefab using Guid(f514011e804f4d24b9d47168fb6ce85e) Importer(815301076,1909f56bfc062723c751e8b465ee728b)  -> (artifact id: '3d39aa8ca6c461d22636732042bf71f8') in 0.060433 seconds 
========================================================================
Received Import Request.
  Time since last request: 0.000864 seconds.
  path: Assets/Tiles/Tile Variant Variant.prefab
  artifactKey: Guid(7525ab1a93dc1904a985631a23a9c1d7) Importer(815301076,1909f56bfc062723c751e8b465ee728b)
Start importing Assets/Tiles/Tile Variant Variant.prefab using Guid(7525ab1a93dc1904a985631a23a9c1d7) Importer(815301076,1909f56bfc062723c751e8b465ee728b)  -> (artifact id: 'b1e49fa4a808bd83fdfdd4655dc8dee7') in 0.058581 seconds 
========================================================================
Received Import Request.
  Time since last request: 994.751788 seconds.
  path: Assets/Tiles/Tile 270 Variant Variant.prefab
  artifactKey: Guid(9571228e42e2f6a4aacbf9d697351046) Importer(815301076,1909f56bfc062723c751e8b465ee728b)
Start importing Assets/Tiles/Tile 270 Variant Variant.prefab using Guid(9571228e42e2f6a4aacbf9d697351046) Importer(815301076,1909f56bfc062723c751e8b465ee728b)  -> (artifact id: 'd56be635ab994951e31fbbf9e2e2b872') in 0.011530 seconds 
========================================================================
Received Import Request.
  Time since last request: 0.000501 seconds.
  path: Assets/Tiles/Tile Variant Variant.prefab
  artifactKey: Guid(7525ab1a93dc1904a985631a23a9c1d7) Importer(815301076,1909f56bfc062723c751e8b465ee728b)
Start importing Assets/Tiles/Tile Variant Variant.prefab using Guid(7525ab1a93dc1904a985631a23a9c1d7) Importer(815301076,1909f56bfc062723c751e8b465ee728b)  -> (artifact id: 'fd2df90c638bf3589f7f8f73142243e7') in 0.004334 seconds 
========================================================================
Received Import Request.
  Time since last request: 68.195786 seconds.
  path: Assets/Tiles/Tile Variant.prefab
  artifactKey: Guid(f514011e804f4d24b9d47168fb6ce85e) Importer(815301076,1909f56bfc062723c751e8b465ee728b)
Start importing Assets/Tiles/Tile Variant.prefab using Guid(f514011e804f4d24b9d47168fb6ce85e) Importer(815301076,1909f56bfc062723c751e8b465ee728b)  -> (artifact id: '6667daad083fb92ab9c1390528e52624') in 0.096405 seconds 
========================================================================
Received Import Request.
  Time since last request: 24.385270 seconds.
  path: Assets/Tiles/Tile Variant.prefab
  artifactKey: Guid(f514011e804f4d24b9d47168fb6ce85e) Importer(815301076,1909f56bfc062723c751e8b465ee728b)
Start importing Assets/Tiles/Tile Variant.prefab using Guid(f514011e804f4d24b9d47168fb6ce85e) Importer(815301076,1909f56bfc062723c751e8b465ee728b)  -> (artifact id: 'd14dc99f449160d36603602986430e3c') in 0.060814 seconds 
========================================================================
Received Import Request.
  Time since last request: 25.920047 seconds.
  path: Assets/Tiles/Tile shore 0 Variant.prefab
  artifactKey: Guid(f514011e804f4d24b9d47168fb6ce85e) Importer(815301076,1909f56bfc062723c751e8b465ee728b)
Start importing Assets/Tiles/Tile shore 0 Variant.prefab using Guid(f514011e804f4d24b9d47168fb6ce85e) Importer(815301076,1909f56bfc062723c751e8b465ee728b)  -> (artifact id: '281fa9c37137e12b6a3eb7e45485399d') in 0.069194 seconds 
========================================================================
Received Import Request.
  Time since last request: 67.924963 seconds.
  path: Assets/Tiles/Tile shore 900 Variant Variant.prefab
  artifactKey: Guid(05bf88a9f6d268f4fb3df7d40e190725) Importer(815301076,1909f56bfc062723c751e8b465ee728b)
Start importing Assets/Tiles/Tile shore 900 Variant Variant.prefab using Guid(05bf88a9f6d268f4fb3df7d40e190725) Importer(815301076,1909f56bfc062723c751e8b465ee728b)  -> (artifact id: '0b98ef54982ddbfb5f4be5b4cc4ab47b') in 0.070963 seconds 
========================================================================
Received Import Request.
  Time since last request: 55.699604 seconds.
  path: Assets/Tiles/Tile shore 900 Variant Variant.prefab
  artifactKey: Guid(05bf88a9f6d268f4fb3df7d40e190725) Importer(815301076,1909f56bfc062723c751e8b465ee728b)
Start importing Assets/Tiles/Tile shore 900 Variant Variant.prefab using Guid(05bf88a9f6d268f4fb3df7d40e190725) Importer(815301076,1909f56bfc062723c751e8b465ee728b)  -> (artifact id: '718e9b1ed7e01f520a762b323f6db26f') in 0.068910 seconds 
========================================================================
Received Import Request.
  Time since last request: 21.877190 seconds.
  path: Assets/Tiles/Tile shore 90 Variant Variant.prefab
  artifactKey: Guid(05bf88a9f6d268f4fb3df7d40e190725) Importer(815301076,1909f56bfc062723c751e8b465ee728b)
Start importing Assets/Tiles/Tile shore 90 Variant Variant.prefab using Guid(05bf88a9f6d268f4fb3df7d40e190725) Importer(815301076,1909f56bfc062723c751e8b465ee728b)  -> (artifact id: '97aca73f5e6de0f255389c152fefd64a') in 0.055778 seconds 
========================================================================
Received Import Request.
  Time since last request: 29.218388 seconds.
  path: Assets/Tiles/Tile shore 90 Variant Variant.prefab
  artifactKey: Guid(05bf88a9f6d268f4fb3df7d40e190725) Importer(815301076,1909f56bfc062723c751e8b465ee728b)
Start importing Assets/Tiles/Tile shore 90 Variant Variant.prefab using Guid(05bf88a9f6d268f4fb3df7d40e190725) Importer(815301076,1909f56bfc062723c751e8b465ee728b)  -> (artifact id: 'd04a5ded63f8217fea1cb4d6be2d03b1') in 0.058613 seconds 
========================================================================
Received Import Request.
  Time since last request: 21.207105 seconds.
  path: Assets/Tiles/Tile shore 270 Variant Variant.prefab
  artifactKey: Guid(05bf88a9f6d268f4fb3df7d40e190725) Importer(815301076,1909f56bfc062723c751e8b465ee728b)
Start importing Assets/Tiles/Tile shore 270 Variant Variant.prefab using Guid(05bf88a9f6d268f4fb3df7d40e190725) Importer(815301076,1909f56bfc062723c751e8b465ee728b)  -> (artifact id: '6fd0b49378673239c89297ad8691c5a8') in 0.064669 seconds 
========================================================================
Received Import Request.
  Time since last request: 334.583641 seconds.
  path: Assets/Tiles/Tile shore 0 Variant Variant.prefab
  artifactKey: Guid(7d5aa25dc03c2c247ba75db662294197) Importer(815301076,1909f56bfc062723c751e8b465ee728b)
Start importing Assets/Tiles/Tile shore 0 Variant Variant.prefab using Guid(7d5aa25dc03c2c247ba75db662294197) Importer(815301076,1909f56bfc062723c751e8b465ee728b)  -> (artifact id: '7874ef480575ebb3b04f7e2fd80b9751') in 0.114567 seconds 
========================================================================
Received Import Request.
  Time since last request: 14.649304 seconds.
  path: Assets/Tiles/Tile shore 0 Variant Variant.prefab
  artifactKey: Guid(7d5aa25dc03c2c247ba75db662294197) Importer(815301076,1909f56bfc062723c751e8b465ee728b)
Start importing Assets/Tiles/Tile shore 0 Variant Variant.prefab using Guid(7d5aa25dc03c2c247ba75db662294197) Importer(815301076,1909f56bfc062723c751e8b465ee728b)  -> (artifact id: 'a6ca06c19add0eff2970a5cd2b14887b') in 0.078881 seconds 
========================================================================
Received Import Request.
  Time since last request: 0.000704 seconds.
  path: Assets/Tiles/Tile shore 0 Variant.prefab
  artifactKey: Guid(f514011e804f4d24b9d47168fb6ce85e) Importer(815301076,1909f56bfc062723c751e8b465ee728b)
Start importing Assets/Tiles/Tile shore 0 Variant.prefab using Guid(f514011e804f4d24b9d47168fb6ce85e) Importer(815301076,1909f56bfc062723c751e8b465ee728b)  -> (artifact id: '8470414f8dc0fb3fb66b64de2bd38ba9') in 0.070416 seconds 
========================================================================
Received Import Request.
  Time since last request: 0.000302 seconds.
  path: Assets/Tiles/Tile shore 270 Variant Variant.prefab
  artifactKey: Guid(05bf88a9f6d268f4fb3df7d40e190725) Importer(815301076,1909f56bfc062723c751e8b465ee728b)
Start importing Assets/Tiles/Tile shore 270 Variant Variant.prefab using Guid(05bf88a9f6d268f4fb3df7d40e190725) Importer(815301076,1909f56bfc062723c751e8b465ee728b)  -> (artifact id: '64b65a7f9d48957e68caf20eedaf0fb5') in 0.065255 seconds 
========================================================================
Received Import Request.
  Time since last request: 12.324739 seconds.
  path: Assets/Tiles/Tile shore 180 Variant.prefab
  artifactKey: Guid(f514011e804f4d24b9d47168fb6ce85e) Importer(815301076,1909f56bfc062723c751e8b465ee728b)
Start importing Assets/Tiles/Tile shore 180 Variant.prefab using Guid(f514011e804f4d24b9d47168fb6ce85e) Importer(815301076,1909f56bfc062723c751e8b465ee728b)  -> (artifact id: 'b7157e4459ccc9ba45ee2e4bcacf5304') in 0.063804 seconds 
========================================================================
Received Import Request.
  Time since last request: 0.000803 seconds.
  path: Assets/Tiles/Tile shore 270 Variant Variant.prefab
  artifactKey: Guid(05bf88a9f6d268f4fb3df7d40e190725) Importer(815301076,1909f56bfc062723c751e8b465ee728b)
Start importing Assets/Tiles/Tile shore 270 Variant Variant.prefab using Guid(05bf88a9f6d268f4fb3df7d40e190725) Importer(815301076,1909f56bfc062723c751e8b465ee728b)  -> (artifact id: '5ba0d3b53d0f2c5fd4dbd908af6922c4') in 0.056459 seconds 
========================================================================
Received Import Request.
  Time since last request: 0.000359 seconds.
  path: Assets/Tiles/Tile shore 0 Variant Variant.prefab
  artifactKey: Guid(7d5aa25dc03c2c247ba75db662294197) Importer(815301076,1909f56bfc062723c751e8b465ee728b)
Start importing Assets/Tiles/Tile shore 0 Variant Variant.prefab using Guid(7d5aa25dc03c2c247ba75db662294197) Importer(815301076,1909f56bfc062723c751e8b465ee728b)  -> (artifact id: 'cc21e5acb912fac62d58e412d83bda43') in 0.051450 seconds 
========================================================================
Received Import Request.
  Time since last request: 108.472830 seconds.
  path: Assets/Tiles/Tile shore 270.prefab
  artifactKey: Guid(20e9ffad0321e2b4d8b5828a01276ccb) Importer(815301076,1909f56bfc062723c751e8b465ee728b)
Start importing Assets/Tiles/Tile shore 270.prefab using Guid(20e9ffad0321e2b4d8b5828a01276ccb) Importer(815301076,1909f56bfc062723c751e8b465ee728b)  -> (artifact id: '882502b32d9ead9cfc27fd84e45f59fc') in 0.065718 seconds 
========================================================================
Received Import Request.
  Time since last request: 25.012926 seconds.
  path: Assets/Tiles/Tile shore 270.prefab
  artifactKey: Guid(20e9ffad0321e2b4d8b5828a01276ccb) Importer(815301076,1909f56bfc062723c751e8b465ee728b)
Start importing Assets/Tiles/Tile shore 270.prefab using Guid(20e9ffad0321e2b4d8b5828a01276ccb) Importer(815301076,1909f56bfc062723c751e8b465ee728b)  -> (artifact id: '2e07948f3bb1bc38c69dcacf01f88e81') in 0.054466 seconds 
========================================================================
Received Import Request.
  Time since last request: 30.927330 seconds.
  path: Assets/Tiles/Tile shore 0 Variant Variant.prefab
  artifactKey: Guid(7d5aa25dc03c2c247ba75db662294197) Importer(815301076,1909f56bfc062723c751e8b465ee728b)
Start importing Assets/Tiles/Tile shore 0 Variant Variant.prefab using Guid(7d5aa25dc03c2c247ba75db662294197) Importer(815301076,1909f56bfc062723c751e8b465ee728b)  -> (artifact id: '190397395fede8ae254600636ba570c3') in 0.074917 seconds 
========================================================================
Received Import Request.
  Time since last request: 0.000501 seconds.
  path: Assets/Tiles/Tile shore 270.prefab
  artifactKey: Guid(20e9ffad0321e2b4d8b5828a01276ccb) Importer(815301076,1909f56bfc062723c751e8b465ee728b)
Start importing Assets/Tiles/Tile shore 270.prefab using Guid(20e9ffad0321e2b4d8b5828a01276ccb) Importer(815301076,1909f56bfc062723c751e8b465ee728b)  -> (artifact id: '91f9cbc9bd6e5f01248e9cc2294c3509') in 0.076966 seconds 
AssetImportWorkerClient::OnTransportError - code=2 error=End of file
